2019-11-08 11:38:39,348 [main] INFO  AircraftQueue - System booted.
2019-11-08 11:38:39,353 [main] INFO  AircraftQueue - Aircraft ID: Aircraft@3941a79c Type: CARGO Size: LARGE has been enqueued.
2019-11-08 11:38:39,353 [main] INFO  AircraftQueue - Aircraft ID: Aircraft@9807454 Type: CARGO Size: LARGE has been enqueued.
2019-11-08 11:38:39,353 [main] INFO  AircraftQueue - Aircraft ID: Aircraft@3d494fbf Type: CARGO Size: LARGE has been enqueued.
2019-11-08 11:38:39,353 [main] INFO  AircraftQueue - Aircraft ID: Aircraft@1ddc4ec2 Type: PASSENGER Size: LARGE has been enqueued.
2019-11-08 11:38:39,353 [main] INFO  AircraftQueue - Aircraft ID: Aircraft@133314b Type: PASSENGER Size: LARGE has been enqueued.
2019-11-08 11:38:39,353 [main] INFO  AircraftQueue - Aircraft ID: Aircraft@b1bc7ed Type: PASSENGER Size: SMALL has been enqueued.
2019-11-08 11:38:39,353 [main] INFO  AircraftQueue - Aircraft ID: Aircraft@7cd84586 Type: PASSENGER Size: SMALL has been enqueued.
2019-11-08 11:38:39,353 [main] INFO  AircraftQueue - Aircraft ID: Aircraft@30dae81 Type: PASSENGER Size: SMALL has been enqueued.
2019-11-08 11:38:39,354 [main] INFO  AircraftQueue - Aircraft ID: Aircraft@1b2c6ec2 Type: CARGO Size: SMALL has been enqueued.
2019-11-08 11:38:39,354 [main] INFO  AircraftQueue - Aircraft ID: Aircraft@4edde6e5 Type: PASSENGER Size: SMALL has been enqueued.
2019-11-08 11:38:39,354 [main] INFO  AircraftQueue - Aircraft ID: Aircraft@1ddc4ec2 Type: PASSENGER Size: LARGE has been dequeued.
2019-11-08 11:38:39,354 [main] INFO  AircraftQueue - Aircraft ID: Aircraft@133314b Type: PASSENGER Size: LARGE has been dequeued.
2019-11-08 11:38:39,354 [main] INFO  AircraftQueue - Aircraft ID: Aircraft@b1bc7ed Type: PASSENGER Size: SMALL has been dequeued.
2019-11-08 11:38:39,354 [main] INFO  AircraftQueue - Aircraft ID: Aircraft@7cd84586 Type: PASSENGER Size: SMALL has been dequeued.
2019-11-08 11:38:39,354 [main] INFO  AircraftQueue - Aircraft ID: Aircraft@30dae81 Type: PASSENGER Size: SMALL has been dequeued.
2019-11-08 11:38:39,354 [main] INFO  AircraftQueue - Aircraft ID: Aircraft@4edde6e5 Type: PASSENGER Size: SMALL has been dequeued.
2019-11-08 11:38:39,354 [main] INFO  AircraftQueue - Aircraft ID: Aircraft@3941a79c Type: CARGO Size: LARGE has been dequeued.
2019-11-08 11:38:39,354 [main] INFO  AircraftQueue - Aircraft ID: Aircraft@9807454 Type: CARGO Size: LARGE has been dequeued.
2019-11-08 11:38:39,354 [main] INFO  AircraftQueue - Aircraft ID: Aircraft@3d494fbf Type: CARGO Size: LARGE has been dequeued.
2019-11-08 11:38:39,354 [main] INFO  AircraftQueue - Aircraft ID: Aircraft@1b2c6ec2 Type: CARGO Size: SMALL has been dequeued.
